{"C:\\Users\\wnasrallah\\SkooveFlow\\mobile\\App.js": {"path":"C:\\Users\\wnasrallah\\SkooveFlow\\mobile\\App.js","statementMap":{"0":{"start":{"line":17,"column":2},"end":{"line":23,"column":4}}},"fnMap":{"0":{"name":"App","decl":{"start":{"line":16,"column":24},"end":{"line":16,"column":27}},"loc":{"start":{"line":16,"column":30},"end":{"line":24,"column":1}},"line":16}},"branchMap":{},"s":{"0":2},"f":{"0":2},"b":{},"_coverageSchema":"1a1c01bbd47fc00a2c39e90264f33305004495a9","hash":"d552485ac83acef37f0769f40c42092e2fc699c1"}
,"C:\\Users\\wnasrallah\\SkooveFlow\\mobile\\src\\Navigator\\index.js": {"path":"C:\\Users\\wnasrallah\\SkooveFlow\\mobile\\src\\Navigator\\index.js","statementMap":{"0":{"start":{"line":8,"column":14},"end":{"line":8,"column":42}},"1":{"start":{"line":10,"column":18},"end":{"line":24,"column":1}},"2":{"start":{"line":11,"column":2},"end":{"line":23,"column":4}}},"fnMap":{"0":{"name":"(anonymous_0)","decl":{"start":{"line":10,"column":18},"end":{"line":10,"column":19}},"loc":{"start":{"line":10,"column":24},"end":{"line":24,"column":1}},"line":10}},"branchMap":{},"s":{"0":1,"1":1,"2":0},"f":{"0":0},"b":{},"_coverageSchema":"1a1c01bbd47fc00a2c39e90264f33305004495a9","hash":"c6837bcc274093338aa821a0e768ff9692631753"}
,"C:\\Users\\wnasrallah\\SkooveFlow\\mobile\\src\\assets\\arrow_forward.png": {"path":"C:\\Users\\wnasrallah\\SkooveFlow\\mobile\\src\\assets\\arrow_forward.png","statementMap":{"0":{"start":{"line":1,"column":0},"end":{"line":4,"column":6}}},"fnMap":{},"branchMap":{},"s":{"0":1},"f":{},"b":{},"inputSourceMap":null,"_coverageSchema":"1a1c01bbd47fc00a2c39e90264f33305004495a9","hash":"a6f9a228a25ec1cd9a5f42ebdad7f171a169c197"}
,"C:\\Users\\wnasrallah\\SkooveFlow\\mobile\\src\\assets\\check.png": {"path":"C:\\Users\\wnasrallah\\SkooveFlow\\mobile\\src\\assets\\check.png","statementMap":{"0":{"start":{"line":1,"column":0},"end":{"line":4,"column":6}}},"fnMap":{},"branchMap":{},"s":{"0":1},"f":{},"b":{},"inputSourceMap":null,"_coverageSchema":"1a1c01bbd47fc00a2c39e90264f33305004495a9","hash":"813bd3f4deae500560a3d8303e60af79e1aa1736"}
,"C:\\Users\\wnasrallah\\SkooveFlow\\mobile\\src\\components\\Spinner.js": {"path":"C:\\Users\\wnasrallah\\SkooveFlow\\mobile\\src\\components\\Spinner.js","statementMap":{"0":{"start":{"line":5,"column":2},"end":{"line":9,"column":4}},"1":{"start":{"line":12,"column":15},"end":{"line":19,"column":2}}},"fnMap":{"0":{"name":"Spinner","decl":{"start":{"line":4,"column":24},"end":{"line":4,"column":31}},"loc":{"start":{"line":4,"column":34},"end":{"line":10,"column":1}},"line":4}},"branchMap":{},"s":{"0":1,"1":3},"f":{"0":1},"b":{},"_coverageSchema":"1a1c01bbd47fc00a2c39e90264f33305004495a9","hash":"0c5afdad4390d4df2b27da931c0af4a56dae6158"}
,"C:\\Users\\wnasrallah\\SkooveFlow\\mobile\\src\\components\\TouchableForwardArrowIcon.js": {"path":"C:\\Users\\wnasrallah\\SkooveFlow\\mobile\\src\\components\\TouchableForwardArrowIcon.js","statementMap":{"0":{"start":{"line":5,"column":2},"end":{"line":11,"column":4}}},"fnMap":{"0":{"name":"TouchableForwardArrowIcon","decl":{"start":{"line":4,"column":24},"end":{"line":4,"column":49}},"loc":{"start":{"line":4,"column":68},"end":{"line":12,"column":1}},"line":4}},"branchMap":{},"s":{"0":2},"f":{"0":2},"b":{},"_coverageSchema":"1a1c01bbd47fc00a2c39e90264f33305004495a9","hash":"9904aca9894bd321200059782e1c6d26106f7793"}
,"C:\\Users\\wnasrallah\\SkooveFlow\\mobile\\src\\constants\\appConstants.js": {"path":"C:\\Users\\wnasrallah\\SkooveFlow\\mobile\\src\\constants\\appConstants.js","statementMap":{"0":{"start":{"line":1,"column":32},"end":{"line":7,"column":1}}},"fnMap":{},"branchMap":{},"s":{"0":2},"f":{},"b":{},"_coverageSchema":"1a1c01bbd47fc00a2c39e90264f33305004495a9","hash":"219c6725aad342754eecaddb4842c49b3f694226"}
,"C:\\Users\\wnasrallah\\SkooveFlow\\mobile\\src\\constants\\strings.js": {"path":"C:\\Users\\wnasrallah\\SkooveFlow\\mobile\\src\\constants\\strings.js","statementMap":{"0":{"start":{"line":1,"column":17},"end":{"line":1,"column":26}},"1":{"start":{"line":2,"column":17},"end":{"line":2,"column":26}},"2":{"start":{"line":3,"column":17},"end":{"line":3,"column":26}},"3":{"start":{"line":4,"column":22},"end":{"line":4,"column":55}},"4":{"start":{"line":5,"column":25},"end":{"line":5,"column":58}},"5":{"start":{"line":6,"column":38},"end":{"line":6,"column":78}},"6":{"start":{"line":8,"column":0},"end":{"line":15,"column":2}}},"fnMap":{},"branchMap":{},"s":{"0":4,"1":4,"2":4,"3":4,"4":4,"5":4,"6":4},"f":{},"b":{},"_coverageSchema":"1a1c01bbd47fc00a2c39e90264f33305004495a9","hash":"7568bf55bb78074bb6f0c703165f0b34ff8f7708"}
,"C:\\Users\\wnasrallah\\SkooveFlow\\mobile\\src\\redux\\store.js": {"path":"C:\\Users\\wnasrallah\\SkooveFlow\\mobile\\src\\redux\\store.js","statementMap":{"0":{"start":{"line":17,"column":20},"end":{"line":17,"column":74}},"1":{"start":{"line":18,"column":22},"end":{"line":23,"column":1}},"2":{"start":{"line":24,"column":25},"end":{"line":24,"column":67}},"3":{"start":{"line":26,"column":14},"end":{"line":34,"column":2}},"4":{"start":{"line":29,"column":4},"end":{"line":33,"column":6}},"5":{"start":{"line":35,"column":25},"end":{"line":35,"column":44}}},"fnMap":{"0":{"name":"(anonymous_0)","decl":{"start":{"line":28,"column":14},"end":{"line":28,"column":15}},"loc":{"start":{"line":29,"column":4},"end":{"line":33,"column":6}},"line":29}},"branchMap":{},"s":{"0":1,"1":1,"2":1,"3":1,"4":1,"5":1},"f":{"0":1},"b":{},"_coverageSchema":"1a1c01bbd47fc00a2c39e90264f33305004495a9","hash":"e0b4f78d7b4dce16b8dfda53c818e45d54553699"}
,"C:\\Users\\wnasrallah\\SkooveFlow\\mobile\\src\\redux\\slices\\expirementSlice.js": {"path":"C:\\Users\\wnasrallah\\SkooveFlow\\mobile\\src\\redux\\slices\\expirementSlice.js","statementMap":{"0":{"start":{"line":6,"column":33},"end":{"line":14,"column":1}},"1":{"start":{"line":9,"column":4},"end":{"line":12,"column":7}},"2":{"start":{"line":16,"column":24},"end":{"line":47,"column":2}},"3":{"start":{"line":27,"column":6},"end":{"line":27,"column":24}},"4":{"start":{"line":28,"column":6},"end":{"line":28,"column":25}},"5":{"start":{"line":29,"column":6},"end":{"line":29,"column":28}},"6":{"start":{"line":33,"column":4},"end":{"line":35,"column":7}},"7":{"start":{"line":34,"column":6},"end":{"line":34,"column":27}},"8":{"start":{"line":36,"column":4},"end":{"line":39,"column":7}},"9":{"start":{"line":37,"column":6},"end":{"line":37,"column":28}},"10":{"start":{"line":38,"column":6},"end":{"line":38,"column":34}},"11":{"start":{"line":40,"column":4},"end":{"line":45,"column":7}},"12":{"start":{"line":41,"column":6},"end":{"line":41,"column":28}},"13":{"start":{"line":42,"column":6},"end":{"line":42,"column":23}},"14":{"start":{"line":43,"column":6},"end":{"line":43,"column":39}},"15":{"start":{"line":44,"column":6},"end":{"line":44,"column":34}},"16":{"start":{"line":49,"column":33},"end":{"line":49,"column":56}},"17":{"start":{"line":50,"column":35},"end":{"line":50,"column":58}}},"fnMap":{"0":{"name":"(anonymous_0)","decl":{"start":{"line":8,"column":2},"end":{"line":8,"column":3}},"loc":{"start":{"line":8,"column":14},"end":{"line":13,"column":3}},"line":8},"1":{"name":"(anonymous_1)","decl":{"start":{"line":26,"column":4},"end":{"line":26,"column":5}},"loc":{"start":{"line":26,"column":29},"end":{"line":30,"column":5}},"line":26},"2":{"name":"(anonymous_2)","decl":{"start":{"line":32,"column":17},"end":{"line":32,"column":18}},"loc":{"start":{"line":32,"column":28},"end":{"line":46,"column":3}},"line":32},"3":{"name":"(anonymous_3)","decl":{"start":{"line":33,"column":47},"end":{"line":33,"column":48}},"loc":{"start":{"line":33,"column":56},"end":{"line":35,"column":5}},"line":33},"4":{"name":"(anonymous_4)","decl":{"start":{"line":36,"column":49},"end":{"line":36,"column":50}},"loc":{"start":{"line":36,"column":58},"end":{"line":39,"column":5}},"line":36},"5":{"name":"(anonymous_5)","decl":{"start":{"line":40,"column":48},"end":{"line":40,"column":49}},"loc":{"start":{"line":40,"column":57},"end":{"line":45,"column":5}},"line":40}},"branchMap":{},"s":{"0":4,"1":0,"2":4,"3":1,"4":1,"5":1,"6":4,"7":1,"8":4,"9":1,"10":1,"11":4,"12":1,"13":1,"14":1,"15":1,"16":4,"17":4},"f":{"0":0,"1":1,"2":4,"3":1,"4":1,"5":1},"b":{},"_coverageSchema":"1a1c01bbd47fc00a2c39e90264f33305004495a9","hash":"2e6e95c5a53fe280de926b933109e194fb8d5272"}
,"C:\\Users\\wnasrallah\\SkooveFlow\\mobile\\src\\redux\\slices\\selectionSlice.js": {"path":"C:\\Users\\wnasrallah\\SkooveFlow\\mobile\\src\\redux\\slices\\selectionSlice.js","statementMap":{"0":{"start":{"line":6,"column":32},"end":{"line":14,"column":1}},"1":{"start":{"line":9,"column":4},"end":{"line":12,"column":7}},"2":{"start":{"line":16,"column":23},"end":{"line":41,"column":2}},"3":{"start":{"line":22,"column":6},"end":{"line":22,"column":25}},"4":{"start":{"line":23,"column":6},"end":{"line":23,"column":24}},"5":{"start":{"line":24,"column":6},"end":{"line":24,"column":28}},"6":{"start":{"line":28,"column":4},"end":{"line":30,"column":7}},"7":{"start":{"line":29,"column":6},"end":{"line":29,"column":27}},"8":{"start":{"line":31,"column":4},"end":{"line":35,"column":7}},"9":{"start":{"line":32,"column":6},"end":{"line":32,"column":28}},"10":{"start":{"line":33,"column":6},"end":{"line":33,"column":36}},"11":{"start":{"line":34,"column":6},"end":{"line":34,"column":23}},"12":{"start":{"line":36,"column":4},"end":{"line":39,"column":7}},"13":{"start":{"line":37,"column":6},"end":{"line":37,"column":28}},"14":{"start":{"line":38,"column":6},"end":{"line":38,"column":34}},"15":{"start":{"line":43,"column":32},"end":{"line":43,"column":54}},"16":{"start":{"line":44,"column":35},"end":{"line":44,"column":57}}},"fnMap":{"0":{"name":"(anonymous_0)","decl":{"start":{"line":8,"column":2},"end":{"line":8,"column":3}},"loc":{"start":{"line":8,"column":14},"end":{"line":13,"column":3}},"line":8},"1":{"name":"(anonymous_1)","decl":{"start":{"line":21,"column":4},"end":{"line":21,"column":5}},"loc":{"start":{"line":21,"column":29},"end":{"line":25,"column":5}},"line":21},"2":{"name":"(anonymous_2)","decl":{"start":{"line":27,"column":17},"end":{"line":27,"column":18}},"loc":{"start":{"line":27,"column":28},"end":{"line":40,"column":3}},"line":27},"3":{"name":"(anonymous_3)","decl":{"start":{"line":28,"column":46},"end":{"line":28,"column":47}},"loc":{"start":{"line":28,"column":55},"end":{"line":30,"column":5}},"line":28},"4":{"name":"(anonymous_4)","decl":{"start":{"line":31,"column":47},"end":{"line":31,"column":48}},"loc":{"start":{"line":31,"column":56},"end":{"line":35,"column":5}},"line":31},"5":{"name":"(anonymous_5)","decl":{"start":{"line":36,"column":48},"end":{"line":36,"column":49}},"loc":{"start":{"line":36,"column":57},"end":{"line":39,"column":5}},"line":36}},"branchMap":{},"s":{"0":4,"1":0,"2":4,"3":1,"4":1,"5":1,"6":4,"7":1,"8":4,"9":1,"10":1,"11":1,"12":4,"13":1,"14":1,"15":4,"16":4},"f":{"0":0,"1":1,"2":4,"3":1,"4":1,"5":1},"b":{},"_coverageSchema":"1a1c01bbd47fc00a2c39e90264f33305004495a9","hash":"bebe763b830ab750ee17cbf0fc6ffc926944d1ee"}
,"C:\\Users\\wnasrallah\\SkooveFlow\\mobile\\src\\screens\\ScreenA.js": {"path":"C:\\Users\\wnasrallah\\SkooveFlow\\mobile\\src\\screens\\ScreenA.js","statementMap":{"0":{"start":{"line":16,"column":19},"end":{"line":16,"column":32}},"1":{"start":{"line":17,"column":46},"end":{"line":19,"column":3}},"2":{"start":{"line":18,"column":13},"end":{"line":18,"column":36}},"3":{"start":{"line":20,"column":2},"end":{"line":24,"column":19}},"4":{"start":{"line":21,"column":4},"end":{"line":23,"column":7}},"5":{"start":{"line":22,"column":6},"end":{"line":22,"column":36}},"6":{"start":{"line":26,"column":2},"end":{"line":37,"column":19}},"7":{"start":{"line":27,"column":4},"end":{"line":30,"column":5}},"8":{"start":{"line":28,"column":6},"end":{"line":28,"column":36}},"9":{"start":{"line":29,"column":6},"end":{"line":29,"column":36}},"10":{"start":{"line":31,"column":4},"end":{"line":36,"column":5}},"11":{"start":{"line":32,"column":6},"end":{"line":35,"column":15}},"12":{"start":{"line":33,"column":8},"end":{"line":33,"column":38}},"13":{"start":{"line":34,"column":8},"end":{"line":34,"column":38}},"14":{"start":{"line":39,"column":2},"end":{"line":47,"column":4}},"15":{"start":{"line":50,"column":15},"end":{"line":62,"column":2}}},"fnMap":{"0":{"name":"ScreenA","decl":{"start":{"line":15,"column":24},"end":{"line":15,"column":31}},"loc":{"start":{"line":15,"column":46},"end":{"line":48,"column":1}},"line":15},"1":{"name":"(anonymous_1)","decl":{"start":{"line":18,"column":4},"end":{"line":18,"column":5}},"loc":{"start":{"line":18,"column":13},"end":{"line":18,"column":36}},"line":18},"2":{"name":"(anonymous_2)","decl":{"start":{"line":20,"column":12},"end":{"line":20,"column":13}},"loc":{"start":{"line":20,"column":18},"end":{"line":24,"column":3}},"line":20},"3":{"name":"(anonymous_3)","decl":{"start":{"line":21,"column":43},"end":{"line":21,"column":44}},"loc":{"start":{"line":21,"column":49},"end":{"line":23,"column":5}},"line":21},"4":{"name":"(anonymous_4)","decl":{"start":{"line":26,"column":12},"end":{"line":26,"column":13}},"loc":{"start":{"line":26,"column":18},"end":{"line":37,"column":3}},"line":26},"5":{"name":"(anonymous_5)","decl":{"start":{"line":32,"column":17},"end":{"line":32,"column":18}},"loc":{"start":{"line":32,"column":23},"end":{"line":35,"column":7}},"line":32}},"branchMap":{"0":{"loc":{"start":{"line":27,"column":4},"end":{"line":30,"column":5}},"type":"if","locations":[{"start":{"line":27,"column":4},"end":{"line":30,"column":5}},{"start":{},"end":{}}],"line":27},"1":{"loc":{"start":{"line":31,"column":4},"end":{"line":36,"column":5}},"type":"if","locations":[{"start":{"line":31,"column":4},"end":{"line":36,"column":5}},{"start":{},"end":{}}],"line":31},"2":{"loc":{"start":{"line":41,"column":7},"end":{"line":45,"column":7}},"type":"cond-expr","locations":[{"start":{"line":42,"column":8},"end":{"line":42,"column":19}},{"start":{"line":44,"column":8},"end":{"line":44,"column":65}}],"line":41},"3":{"loc":{"start":{"line":44,"column":8},"end":{"line":44,"column":65}},"type":"binary-expr","locations":[{"start":{"line":44,"column":8},"end":{"line":44,"column":11}},{"start":{"line":44,"column":15},"end":{"line":44,"column":65}}],"line":44}},"s":{"0":1,"1":1,"2":1,"3":1,"4":0,"5":0,"6":1,"7":0,"8":0,"9":0,"10":0,"11":0,"12":0,"13":0,"14":1,"15":2},"f":{"0":1,"1":1,"2":0,"3":0,"4":0,"5":0},"b":{"0":[0,0],"1":[0,0],"2":[0,1],"3":[1,0]},"_coverageSchema":"1a1c01bbd47fc00a2c39e90264f33305004495a9","hash":"d2383a0aef4f1102f76bdd9bed97d3853ad3a01d"}
,"C:\\Users\\wnasrallah\\SkooveFlow\\mobile\\src\\screens\\ScreenB.js": {"path":"C:\\Users\\wnasrallah\\SkooveFlow\\mobile\\src\\screens\\ScreenB.js","statementMap":{"0":{"start":{"line":19,"column":42},"end":{"line":19,"column":68}},"1":{"start":{"line":20,"column":56},"end":{"line":20,"column":68}},"2":{"start":{"line":23,"column":4},"end":{"line":23,"column":39}},"3":{"start":{"line":25,"column":19},"end":{"line":25,"column":32}},"4":{"start":{"line":26,"column":46},"end":{"line":28,"column":3}},"5":{"start":{"line":27,"column":13},"end":{"line":27,"column":35}},"6":{"start":{"line":30,"column":2},"end":{"line":34,"column":19}},"7":{"start":{"line":31,"column":4},"end":{"line":33,"column":7}},"8":{"start":{"line":36,"column":2},"end":{"line":41,"column":19}},"9":{"start":{"line":37,"column":4},"end":{"line":40,"column":5}},"10":{"start":{"line":38,"column":6},"end":{"line":38,"column":36}},"11":{"start":{"line":39,"column":6},"end":{"line":39,"column":36}},"12":{"start":{"line":43,"column":23},"end":{"line":50,"column":3}},"13":{"start":{"line":44,"column":4},"end":{"line":49,"column":5}},"14":{"start":{"line":44,"column":31},"end":{"line":44,"column":41}},"15":{"start":{"line":45,"column":6},"end":{"line":45,"column":35}},"16":{"start":{"line":46,"column":6},"end":{"line":46,"column":33}},"17":{"start":{"line":48,"column":6},"end":{"line":48,"column":60}},"18":{"start":{"line":52,"column":2},"end":{"line":68,"column":4}},"19":{"start":{"line":71,"column":15},"end":{"line":90,"column":2}}},"fnMap":{"0":{"name":"ScreenB","decl":{"start":{"line":18,"column":24},"end":{"line":18,"column":31}},"loc":{"start":{"line":18,"column":46},"end":{"line":69,"column":1}},"line":18},"1":{"name":"onPressRadioButton","decl":{"start":{"line":22,"column":11},"end":{"line":22,"column":29}},"loc":{"start":{"line":22,"column":49},"end":{"line":24,"column":3}},"line":22},"2":{"name":"(anonymous_2)","decl":{"start":{"line":27,"column":4},"end":{"line":27,"column":5}},"loc":{"start":{"line":27,"column":13},"end":{"line":27,"column":35}},"line":27},"3":{"name":"(anonymous_3)","decl":{"start":{"line":30,"column":12},"end":{"line":30,"column":13}},"loc":{"start":{"line":30,"column":18},"end":{"line":34,"column":3}},"line":30},"4":{"name":"(anonymous_4)","decl":{"start":{"line":31,"column":43},"end":{"line":31,"column":44}},"loc":{"start":{"line":31,"column":49},"end":{"line":33,"column":5}},"line":31},"5":{"name":"(anonymous_5)","decl":{"start":{"line":36,"column":12},"end":{"line":36,"column":13}},"loc":{"start":{"line":36,"column":18},"end":{"line":41,"column":3}},"line":36},"6":{"name":"(anonymous_6)","decl":{"start":{"line":43,"column":23},"end":{"line":43,"column":24}},"loc":{"start":{"line":43,"column":29},"end":{"line":50,"column":3}},"line":43},"7":{"name":"(anonymous_7)","decl":{"start":{"line":44,"column":26},"end":{"line":44,"column":27}},"loc":{"start":{"line":44,"column":31},"end":{"line":44,"column":41}},"line":44}},"branchMap":{"0":{"loc":{"start":{"line":37,"column":4},"end":{"line":40,"column":5}},"type":"if","locations":[{"start":{"line":37,"column":4},"end":{"line":40,"column":5}},{"start":{},"end":{}}],"line":37},"1":{"loc":{"start":{"line":44,"column":4},"end":{"line":49,"column":5}},"type":"if","locations":[{"start":{"line":44,"column":4},"end":{"line":49,"column":5}},{"start":{"line":47,"column":11},"end":{"line":49,"column":5}}],"line":44},"2":{"loc":{"start":{"line":52,"column":9},"end":{"line":68,"column":3}},"type":"cond-expr","locations":[{"start":{"line":53,"column":4},"end":{"line":55,"column":11}},{"start":{"line":57,"column":4},"end":{"line":67,"column":11}}],"line":52},"3":{"loc":{"start":{"line":59,"column":9},"end":{"line":59,"column":63}},"type":"binary-expr","locations":[{"start":{"line":59,"column":9},"end":{"line":59,"column":12}},{"start":{"line":59,"column":16},"end":{"line":59,"column":63}}],"line":59},"4":{"loc":{"start":{"line":60,"column":9},"end":{"line":60,"column":91}},"type":"binary-expr","locations":[{"start":{"line":60,"column":9},"end":{"line":60,"column":28}},{"start":{"line":60,"column":32},"end":{"line":60,"column":91}}],"line":60}},"s":{"0":1,"1":1,"2":0,"3":1,"4":1,"5":1,"6":1,"7":0,"8":1,"9":0,"10":0,"11":0,"12":1,"13":0,"14":0,"15":0,"16":0,"17":0,"18":1,"19":2},"f":{"0":1,"1":0,"2":1,"3":0,"4":0,"5":0,"6":0,"7":0},"b":{"0":[0,0],"1":[0,0],"2":[0,1],"3":[1,0],"4":[1,0]},"_coverageSchema":"1a1c01bbd47fc00a2c39e90264f33305004495a9","hash":"d9e08ca6ac5e2e5ef114911e00ed53a1aa2a1c4a"}
,"C:\\Users\\wnasrallah\\SkooveFlow\\mobile\\src\\screens\\ScreenD.js": {"path":"C:\\Users\\wnasrallah\\SkooveFlow\\mobile\\src\\screens\\ScreenD.js","statementMap":{"0":{"start":{"line":7,"column":2},"end":{"line":11,"column":4}},"1":{"start":{"line":14,"column":15},"end":{"line":22,"column":2}}},"fnMap":{"0":{"name":"ScreenD","decl":{"start":{"line":6,"column":24},"end":{"line":6,"column":31}},"loc":{"start":{"line":6,"column":34},"end":{"line":12,"column":1}},"line":6}},"branchMap":{},"s":{"0":1,"1":2},"f":{"0":1},"b":{},"_coverageSchema":"1a1c01bbd47fc00a2c39e90264f33305004495a9","hash":"6bf56efbfc3b2ce858d7f73575a0fb50228685fc"}
,"C:\\Users\\wnasrallah\\SkooveFlow\\mobile\\src\\utils\\testUtils.js": {"path":"C:\\Users\\wnasrallah\\SkooveFlow\\mobile\\src\\utils\\testUtils.js","statementMap":{"0":{"start":{"line":23,"column":4},"end":{"line":23,"column":57}},"1":{"start":{"line":25,"column":2},"end":{"line":25,"column":79}}},"fnMap":{"0":{"name":"renderWithProviders","decl":{"start":{"line":8,"column":16},"end":{"line":8,"column":35}},"loc":{"start":{"line":21,"column":2},"end":{"line":26,"column":1}},"line":21},"1":{"name":"Wrapper","decl":{"start":{"line":22,"column":11},"end":{"line":22,"column":18}},"loc":{"start":{"line":22,"column":31},"end":{"line":24,"column":3}},"line":22}},"branchMap":{"0":{"loc":{"start":{"line":10,"column":2},"end":{"line":20,"column":8}},"type":"default-arg","locations":[{"start":{"line":20,"column":6},"end":{"line":20,"column":8}}],"line":10},"1":{"loc":{"start":{"line":11,"column":4},"end":{"line":11,"column":23}},"type":"default-arg","locations":[{"start":{"line":11,"column":21},"end":{"line":11,"column":23}}],"line":11},"2":{"loc":{"start":{"line":12,"column":4},"end":{"line":18,"column":6}},"type":"default-arg","locations":[{"start":{"line":12,"column":12},"end":{"line":18,"column":6}}],"line":12}},"s":{"0":0,"1":5},"f":{"0":5,"1":0},"b":{"0":[5],"1":[5],"2":[5]},"_coverageSchema":"1a1c01bbd47fc00a2c39e90264f33305004495a9","hash":"cd44c3c6fac57e1fc0498f997666a2bca4d21be2"}
}
